#-----------------------------------------------------------
# Vivado v2019.1 (64-bit)
# SW Build 2552052 on Fri May 24 14:49:42 MDT 2019
# IP Build 2548770 on Fri May 24 18:01:18 MDT 2019
# Start of session at: Wed Apr 24 02:53:42 2024
# Process ID: 37548
# Current directory: D:/cw305_ASCON_AEAD_INITIALIZATION
# Command line: vivado.exe -gui_launcher_event rodinguilauncherevent14400 D:\cw305_ASCON_AEAD_INITIALIZATION\cw_aes.xpr
# Log file: D:/cw305_ASCON_AEAD_INITIALIZATION/vivado.log
# Journal file: D:/cw305_ASCON_AEAD_INITIALIZATION\vivado.jou
#-----------------------------------------------------------
start_gui
open_project D:/cw305_ASCON_AEAD_INITIALIZATION/cw_aes.xpr
INFO: [Project 1-313] Project file moved from 'C:/Users/anupa/vivado/cw305_ASCON_AEAD_INITIALIZATION' since last save.
Scanning sources...
Finished scanning sources
INFO: [IP_Flow 19-234] Refreshing IP repositories
INFO: [IP_Flow 19-1704] No user IP repositories specified
INFO: [IP_Flow 19-2313] Loaded Vivado IP repository 'C:/Xilinx/Vivado/2019.1/data/ip'.
update_compile_order -fileset sources_1
export_ip_user_files -of_objects  [get_files D:/cw305_ASCON_AEAD_INITIALIZATION/cw_aes.srcs/sources_1/new/aes_core.v] -no_script -reset -force -quiet
remove_files  D:/cw305_ASCON_AEAD_INITIALIZATION/cw_aes.srcs/sources_1/new/aes_core.v
reset_run impl_1 -prev_step 
launch_runs impl_1 -to_step write_bitstream -jobs 10
[Wed Apr 24 02:58:00 2024] Launched impl_1...
Run output will be captured here: D:/cw305_ASCON_AEAD_INITIALIZATION/cw_aes.runs/impl_1/runme.log
exit
INFO: [Common 17-206] Exiting Vivado at Wed Apr 24 03:09:53 2024...
