#-----------------------------------------------------------
# Vivado v2019.1 (64-bit)
# SW Build 2552052 on Fri May 24 14:49:42 MDT 2019
# IP Build 2548770 on Fri May 24 18:01:18 MDT 2019
# Start of session at: Wed Apr 24 03:30:33 2024
# Process ID: 21584
# Current directory: D:/git_repos/cw305_experiments/ASCON_AEAD_INITIALIZATION/cw305_ASCON_AEAD_INITIALIZATION
# Command line: vivado.exe -gui_launcher_event rodinguilauncherevent37576 D:\git_repos\cw305_experiments\ASCON_AEAD_INITIALIZATION\cw305_ASCON_AEAD_INITIALIZATION\cw_aes.xpr
# Log file: D:/git_repos/cw305_experiments/ASCON_AEAD_INITIALIZATION/cw305_ASCON_AEAD_INITIALIZATION/vivado.log
# Journal file: D:/git_repos/cw305_experiments/ASCON_AEAD_INITIALIZATION/cw305_ASCON_AEAD_INITIALIZATION\vivado.jou
#-----------------------------------------------------------
start_gui
open_project D:/git_repos/cw305_experiments/ASCON_AEAD_INITIALIZATION/cw305_ASCON_AEAD_INITIALIZATION/cw_aes.xpr
INFO: [ProjectBase 1-489] The host OS only allows 260 characters in a normal path. The project is stored in a path with more than 80 characters. If you experience issues with IP, Block Designs, or files not being found, please consider moving the project to a location with a shorter path. Alternately consider using the OS subst command to map part of the path to a drive letter.
Current project path is 'D:/git_repos/cw305_experiments/ASCON_AEAD_INITIALIZATION/cw305_ASCON_AEAD_INITIALIZATION'
Scanning sources...
Finished scanning sources
WARNING: [Project 1-509] GeneratedRun file for 'synth_1' not found
WARNING: [Project 1-509] GeneratedRun file for 'impl_1' not found
INFO: [IP_Flow 19-234] Refreshing IP repositories
INFO: [IP_Flow 19-1704] No user IP repositories specified
INFO: [IP_Flow 19-2313] Loaded Vivado IP repository 'C:/Xilinx/Vivado/2019.1/data/ip'.
update_compile_order -fileset sources_1
reset_run synth_1
launch_runs impl_1 -to_step write_bitstream -jobs 10
[Wed Apr 24 03:30:51 2024] Launched synth_1...
Run output will be captured here: D:/git_repos/cw305_experiments/ASCON_AEAD_INITIALIZATION/cw305_ASCON_AEAD_INITIALIZATION/cw_aes.runs/synth_1/runme.log
[Wed Apr 24 03:30:51 2024] Launched impl_1...
Run output will be captured here: D:/git_repos/cw305_experiments/ASCON_AEAD_INITIALIZATION/cw305_ASCON_AEAD_INITIALIZATION/cw_aes.runs/impl_1/runme.log
exit
INFO: [Common 17-206] Exiting Vivado at Wed Apr 24 03:34:33 2024...
